Launching lib\main.dart on sdk gphone64 x86 64 in debug mode...
Running Gradle task 'assembleDebug'...
lib/screens/alarm/alarm_dismissal_screen.dart:476:7: Error: Expected a class member, but got 'if'.
      if (mounted) {
      ^^
lib/screens/alarm/alarm_dismissal_screen.dart:476:10: Error: Expected an identifier, but got '('.
Try inserting an identifier before '('.
      if (mounted) {
         ^
lib/screens/alarm/alarm_dismissal_screen.dart:489:7: Error: 'catch' can't be used as an identifier because it's a keyword.
Try renaming this to be an identifier that isn't a keyword.
    } catch (e) {
      ^^^^^
lib/screens/alarm/alarm_dismissal_screen.dart:500:3: Error: Expected a declaration, but got '}'.
  }
  ^
lib/screens/alarm/alarm_dismissal_screen.dart:530:1: Error: Expected a declaration, but got '}'.
}
^
lib/services/alarm_service.dart:67:13: Error: Method not found: '_showOverlayAlert'.
      await _showOverlayAlert(alarmSettings);
            ^^^^^^^^^^^^^^^^^
lib/services/alarm_service.dart:82:15: Error: Method not found: '_showOverlayAlert'.
        await _showOverlayAlert(alarmSettings);
              ^^^^^^^^^^^^^^^^^
lib/screens/alarm/alarm_dismissal_screen.dart:238:25: Error: The argument type 'void Function(GameResult)' can't be assigned to the parameter type 'dynamic Function(bool, int)?'.
 - 'GameResult' is from 'package:nosnooz/models/game_model.dart' ('lib/models/game_model.dart').
          onGameResult: _onGameComplete,
                        ^
lib/screens/alarm/alarm_dismissal_screen.dart:243:25: Error: The argument type 'void Function(GameResult)' can't be assigned to the parameter type 'dynamic Function(bool, int)?'.
 - 'GameResult' is from 'package:nosnooz/models/game_model.dart' ('lib/models/game_model.dart').
          onGameResult: _onGameComplete,
                        ^
lib/screens/alarm/alarm_dismissal_screen.dart:248:25: Error: The argument type 'void Function(GameResult)' can't be assigned to the parameter type 'dynamic Function(bool, int)?'.
 - 'GameResult' is from 'package:nosnooz/models/game_model.dart' ('lib/models/game_model.dart').
          onGameResult: _onGameComplete,
                        ^
lib/screens/alarm/alarm_dismissal_screen.dart:253:25: Error: The argument type 'void Function(GameResult)' can't be assigned to the parameter type 'dynamic Function(bool, int)?'.
 - 'GameResult' is from 'package:nosnooz/models/game_model.dart' ('lib/models/game_model.dart').
          onGameResult: _onGameComplete,
                        ^
lib/screens/alarm/alarm_dismissal_screen.dart:258:25: Error: The argument type 'void Function(GameResult)' can't be assigned to the parameter type 'dynamic Function(bool, int)?'.
 - 'GameResult' is from 'package:nosnooz/models/game_model.dart' ('lib/models/game_model.dart').
          onGameResult: _onGameComplete,
                        ^
lib/screens/alarm/alarm_dismissal_screen.dart:491:11: Error: Undefined name 'mounted'.
      if (mounted) {
          ^^^^^^^
lib/screens/alarm/alarm_dismissal_screen.dart:492:30: Error: Undefined name 'context'.
        ScaffoldMessenger.of(context).showSnackBar(
                             ^^^^^^^
lib/screens/alarm/alarm_dismissal_screen.dart:504:16: Error: Undefined name 'context'.
      context: context,
               ^^^^^^^
lib/screens/alarm/alarm_dismissal_screen.dart:513:24: Error: Undefined name '_forceDismiss'.
            onPressed: _forceDismiss,
                       ^^^^^^^^^^^^^
lib/screens/alarm/alarm_dismissal_screen.dart:520:17: Error: Setter not found: '_gameAttempts'.
                _gameAttempts = 0;
                ^^^^^^^^^^^^^
lib/screens/alarm/alarm_dismissal_screen.dart:521:17: Error: Setter not found: '_gameStarted'.
                _gameStarted = false;
                ^^^^^^^^^^^^
lib/screens/alarm/alarm_dismissal_screen.dart:519:15: Error: Method not found: 'setState'.
              setState(() {
              ^^^^^^^^
lib/games/math_equation_game.dart:282:26: Error: Can't use an expression of type 'dynamic Function(GameResult)?' as a function because it's potentially null.
 - 'GameResult' is from 'package:nosnooz/models/game_model.dart' ('lib/models/game_model.dart').
Try calling using ?.call instead.
    widget.onGameComplete(result);
                         ^
lib/games/find_the_ball_game.dart:284:26: Error: Can't use an expression of type 'dynamic Function(GameResult)?' as a function because it's potentially null.
 - 'GameResult' is from 'package:nosnooz/models/game_model.dart' ('lib/models/game_model.dart').
Try calling using ?.call instead.
    widget.onGameComplete(result);
                         ^
lib/games/find_the_ball_game.dart:526:48: Error: The argument type 'DateTime?' can't be assigned to the parameter type 'DateTime' because 'DateTime?' is nullable and 'DateTime' isn't.
 - 'DateTime' is from 'dart:core'.
          timeTaken: DateTime.now().difference(_startTime),
                                               ^
lib/games/color_match_blitz_game.dart:273:26: Error: Can't use an expression of type 'dynamic Function(GameResult)?' as a function because it's potentially null.
 - 'GameResult' is from 'package:nosnooz/models/game_model.dart' ('lib/models/game_model.dart').
Try calling using ?.call instead.
    widget.onGameComplete(result);
                         ^
lib/games/color_match_blitz_game.dart:451:27: Error: Property 'difficulty' cannot be accessed on 'GameConfig?' because it is potentially null.
 - 'GameConfig' is from 'package:nosnooz/models/game_model.dart' ('lib/models/game_model.dart').
Try accessing using ?. instead.
    switch (widget.config.difficulty) {
                          ^^^^^^^^^^
lib/games/color_match_blitz_game.dart:541:36: Error: The getter '_matchedPairs' isn't defined for the class '_ColorMatchBlitzGameState'.
 - '_ColorMatchBlitzGameState' is from 'package:nosnooz/games/color_match_blitz_game.dart' ('lib/games/color_match_blitz_game.dart').
Try correcting the name to the name of an existing getter, or defining a getter or field named '_matchedPairs'.
            Text('Colors matched: $_matchedPairs'),
                                   ^^^^^^^^^^^^^
lib/games/color_match_blitz_game.dart:559:19: Error: The setter '_matchedPairs' isn't defined for the class '_ColorMatchBlitzGameState'.
 - '_ColorMatchBlitzGameState' is from 'package:nosnooz/games/color_match_blitz_game.dart' ('lib/games/color_match_blitz_game.dart').
Try correcting the name to the name of an existing setter, or defining a setter or field named '_matchedPairs'.
                  _matchedPairs = 0;
                  ^^^^^^^^^^^^^
lib/games/color_match_blitz_game.dart:561:34: Error: The value 'null' can't be assigned to a variable of type 'Color' because 'Color' is not nullable.
 - 'Color' is from 'dart:ui'.
                  _targetColor = null;
                                 ^
lib/games/memory_flip_game.dart:297:26: Error: Can't use an expression of type 'dynamic Function(GameResult)?' as a function because it's potentially null.
 - 'GameResult' is from 'package:nosnooz/models/game_model.dart' ('lib/models/game_model.dart').
Try calling using ?.call instead.
    widget.onGameComplete(result);
                         ^
lib/games/puzzle_solve_game.dart:298:26: Error: Can't use an expression of type 'dynamic Function(GameResult)?' as a function because it's potentially null.
 - 'GameResult' is from 'package:nosnooz/models/game_model.dart' ('lib/models/game_model.dart').
Try calling using ?.call instead.
    widget.onGameComplete(result);
                         ^
lib/screens/games/game_detail_screen.dart:197:22: Error: The method 'MathEquationGame' isn't defined for the class 'GameDetailScreen'.
 - 'GameDetailScreen' is from 'package:nosnooz/screens/games/game_detail_screen.dart' ('lib/screens/games/game_detail_screen.dart').
Try correcting the name to the name of an existing method, or defining a method named 'MathEquationGame'.
        gameWidget = MathEquationGame(
                     ^^^^^^^^^^^^^^^^
lib/screens/games/game_detail_screen.dart:203:22: Error: The method 'FindTheBallGame' isn't defined for the class 'GameDetailScreen'.
 - 'GameDetailScreen' is from 'package:nosnooz/screens/games/game_detail_screen.dart' ('lib/screens/games/game_detail_screen.dart').
Try correcting the name to the name of an existing method, or defining a method named 'FindTheBallGame'.
        gameWidget = FindTheBallGame(
                     ^^^^^^^^^^^^^^^
lib/screens/games/game_detail_screen.dart:209:22: Error: The method 'ColorMatchBlitzGame' isn't defined for the class 'GameDetailScreen'.
 - 'GameDetailScreen' is from 'package:nosnooz/screens/games/game_detail_screen.dart' ('lib/screens/games/game_detail_screen.dart').
Try correcting the name to the name of an existing method, or defining a method named 'ColorMatchBlitzGame'.
        gameWidget = ColorMatchBlitzGame(
                     ^^^^^^^^^^^^^^^^^^^
lib/screens/games/game_detail_screen.dart:215:22: Error: The method 'MemoryFlipGame' isn't defined for the class 'GameDetailScreen'.
 - 'GameDetailScreen' is from 'package:nosnooz/screens/games/game_detail_screen.dart' ('lib/screens/games/game_detail_screen.dart').
Try correcting the name to the name of an existing method, or defining a method named 'MemoryFlipGame'.
        gameWidget = MemoryFlipGame(
                     ^^^^^^^^^^^^^^
lib/screens/games/game_detail_screen.dart:221:22: Error: The method 'PuzzleSolveGame' isn't defined for the class 'GameDetailScreen'.
 - 'GameDetailScreen' is from 'package:nosnooz/screens/games/game_detail_screen.dart' ('lib/screens/games/game_detail_screen.dart').
Try correcting the name to the name of an existing method, or defining a method named 'PuzzleSolveGame'.
        gameWidget = PuzzleSolveGame(
                     ^^^^^^^^^^^^^^^
Target kernel_snapshot_program failed: Exception


FAILURE: Build failed with an exception.

* What went wrong:
Execution failed for task ':app:compileFlutterBuildDebug'.
> Process 'command 'C:\flutter\bin\flutter.bat'' finished with non-zero exit value 1

* Try:
> Run with --stacktrace option to get the stack trace.
> Run with --info or --debug option to get more log output.
> Run with --scan to get full insights.
> Get more help at https://help.gradle.org.

BUILD FAILED in 47s
Error: Gradle task assembleDebug failed with exit code 1
